<?xml version="1.0" encoding="UTF-8"?>
<!-- Generated by org.testng.reporters.JUnitXMLReporter -->
<testsuite hostname="IT302980" name="CucumberTest" tests="4" failures="4" timestamp="27 Jan 2021 10:16:20 GMT" time="0.807" errors="0">
  <testcase name="runScenario" time="0.122" classname="runner.TestRunner">
    <failure type="java.lang.NullPointerException">
      <![CDATA[java.lang.NullPointerException
	at org.openqa.selenium.support.pagefactory.DefaultElementLocator.findElement(DefaultElementLocator.java:70)
	at org.openqa.selenium.support.pagefactory.internal.LocatingElementHandler.invoke(LocatingElementHandler.java:39)
	at com.sun.proxy.$Proxy19.click(Unknown Source)
	at pages.LoginPage.clickSignIn(LoginPage.java:39)
	at stepDefinition.LoginStepDef.i_enter_my_and(LoginStepDef.java:33)
	at ✽.I enter my "shireenkamra@gmail.com" and "Shireen12"(file:///C:/Automation/cucumberRepo-master/src/test/resources/features/Login.feature:8)
]]>
    </failure>
  </testcase> <!-- runScenario -->
  <testcase name="runScenario" time="0.016" classname="runner.TestRunner">
    <failure type="java.lang.NullPointerException">
      <![CDATA[java.lang.NullPointerException
	at org.openqa.selenium.support.pagefactory.DefaultElementLocator.findElement(DefaultElementLocator.java:70)
	at org.openqa.selenium.support.pagefactory.internal.LocatingElementHandler.invoke(LocatingElementHandler.java:39)
	at com.sun.proxy.$Proxy19.click(Unknown Source)
	at pages.LoginPage.clickSignIn(LoginPage.java:39)
	at stepDefinition.LoginStepDef.i_enter_my_and(LoginStepDef.java:33)
	at ✽.I enter my "shireenkamra@gmail.com" and "Shireen12"(file:///C:/Automation/cucumberRepo-master/src/test/resources/features/Login.feature:13)
]]>
    </failure>
  </testcase> <!-- runScenario -->
  <testcase name="runScenario" time="0.016" classname="runner.TestRunner">
    <failure type="java.lang.NullPointerException">
      <![CDATA[java.lang.NullPointerException
	at org.openqa.selenium.support.pagefactory.DefaultElementLocator.findElement(DefaultElementLocator.java:70)
	at org.openqa.selenium.support.pagefactory.internal.LocatingElementHandler.invoke(LocatingElementHandler.java:39)
	at com.sun.proxy.$Proxy19.click(Unknown Source)
	at pages.LoginPage.clickSignIn(LoginPage.java:39)
	at stepDefinition.LoginStepDef.i_enter_my_and(LoginStepDef.java:33)
	at ✽.I enter my "arijitlahiri5@gmail.com" and "Arijit12"(file:///C:/Automation/cucumberRepo-master/src/test/resources/features/Login.feature:13)
]]>
    </failure>
  </testcase> <!-- runScenario -->
  <testcase name="runScenario" time="0.0" classname="runner.TestRunner">
    <failure type="java.lang.NullPointerException">
      <![CDATA[java.lang.NullPointerException
	at org.openqa.selenium.support.pagefactory.DefaultElementLocator.findElement(DefaultElementLocator.java:70)
	at org.openqa.selenium.support.pagefactory.internal.LocatingElementHandler.invoke(LocatingElementHandler.java:39)
	at com.sun.proxy.$Proxy19.click(Unknown Source)
	at pages.RegisterPage.clickRegister(RegisterPage.java:45)
	at stepDefinition.RegistrationStepDef.i_click_register(RegistrationStepDef.java:19)
	at ✽.I click Register(file:///C:/Automation/cucumberRepo-master/src/test/resources/features/Registration.feature:9)
]]>
    </failure>
  </testcase> <!-- runScenario -->
</testsuite> <!-- CucumberTest -->
